{"content": {"suites": {"0": {"status": {"total_pass": 1, "total_skip": 0, "total_xpass": 0, "total_xfail": 0, "total_rerun": 0, "total_fail": 0, "total_error": 0}, "tests": {"0": {"status": "PASS", "message": "", "test_name": "test_add_car", "rerun": "0"}}, "suite_name": "tests/test_garage_page.py"}, "1": {"suite_name": "tests/test_instructions_page.py", "tests": {"0": {"status": "FAIL", "message": "   selenium.common.exceptions.TimeoutException: Message: \n   Stacktrace:\n   \tGetHandleVerifier [0x00007FF712B92775+28773]\n   \t(No symbol) [0x00007FF712AFAFB0]\n   \t(No symbol) [0x00007FF71299552A]\n   \t(No symbol) [0x00007FF7129E8EAE]\n   \t(No symbol) [0x00007FF7129E919C]\n   \t(No symbol) [0x00007FF712A323F7]\n   \t(No symbol) [0x00007FF712A0EFDF]\n   \t(No symbol) [0x00007FF712A2F1A4]\n   \t(No symbol) [0x00007FF712A0ED43]\n   \t(No symbol) [0x00007FF7129DA548]\n   \t(No symbol) [0x00007FF7129DB6B1]\n   \tGetHandleVerifier [0x00007FF712EBF45D+3358029]\n   \tGetHandleVerifier [0x00007FF712ED430D+3443709]\n   \tGetHandleVerifier [0x00007FF712EC83FD+3394797]\n   \tGetHandleVerifier [0x00007FF712C5929B+842635]\n   \t(No symbol) [0x00007FF712B0654F]\n   \t(No symbol) [0x00007FF712B01FA4]\n   \t(No symbol) [0x00007FF712B0213D]\n   \t(No symbol) [0x00007FF712AF1629]\n   \tBaseThreadInitThunk [0x00007FFECC18259D+29]\n   \tRtlUserThreadStart [0x00007FFECDACAF38+40]\n       selenium.common.exceptions.NoSuchElementException: Message: No element found with locator button.header-link.-guest; For documentation on this error, please visit: https://www.selenium.dev/documentation/webdriver/troubleshooting/errors#no-such-element-exception\n", "test_name": "test_add_car", "rerun": "0"}}, "status": {"total_pass": 0, "total_skip": 0, "total_xpass": 0, "total_xfail": 0, "total_rerun": 0, "total_fail": 1, "total_error": 0}}, "2": {"suite_name": "tests/test_waits.py", "tests": {"0": {"status": "SKIP", "message": "('C:\\\\Users\\\\feshv\\\\hillel_py\\\\lesson_29_separate_project\\\\tests\\\\test_waits.py', 8, 'Skipped: unconditional skip')\n", "test_name": "test_example_with_implicit_wait", "rerun": "0"}, "1": {"status": "SKIP", "message": "('C:\\\\Users\\\\feshv\\\\hillel_py\\\\lesson_29_separate_project\\\\tests\\\\test_waits.py', 16, 'Skipped: unconditional skip')\n", "test_name": "test_example_with_explicit_wait", "rerun": "0"}}, "status": {"total_pass": 0, "total_skip": 1, "total_xpass": 0, "total_xfail": 0, "total_rerun": 0, "total_fail": 0, "total_error": 0}}}}, "date": "December 01, 2024", "start_time": 1733071699.0120697, "total_suite": 3, "status": "FAIL", "status_list": {"pass": "1", "fail": "1", "skip": "1", "error": "0", "xpass": "0", "xfail": "0", "rerun": "0"}, "total_tests": "3"}